[25-Oct-2022 16:06:23 UTC] The The wc_add_to_cart_message filter function is deprecated since version 3.0. Replace with wc_add_to_cart_message_html.
[28-Oct-2022 23:45:41 UTC] The The wc_add_to_cart_message filter function is deprecated since version 3.0. Replace with wc_add_to_cart_message_html.
[02-Nov-2022 13:53:25 UTC] The The wc_add_to_cart_message filter function is deprecated since version 3.0. Replace with wc_add_to_cart_message_html.
[02-Nov-2022 14:57:51 UTC] PHP Warning:  An unexpected error occurred. Something may be wrong with WordPress.org or this server&#8217;s configuration. If you continue to have problems, please try the <a href="https://wordpress.org/support/forums/">support forums</a>. (WordPress could not establish a secure connection to WordPress.org. Please contact your server administrator.) in /Users/william/Work/socure-poc/store/wp-admin/includes/translation-install.php on line 68
[02-Nov-2022 14:59:25 UTC] PHP Fatal error:  Uncaught TypeError: Unsupported operand types: string + string in /Users/william/Work/socure-poc/store/wp-content/plugins/solpay-store/src/SolanaPayWooCommerceGateway.php:323
Stack trace:
#0 /Users/william/Work/socure-poc/store/wp-content/plugins/solpay-store/hooks-wc.php(82): SolanaPayWooCommerceGateway->get_solana_payment_config('156')
#1 /Users/william/Work/socure-poc/store/wp-includes/shortcodes.php(356): identity_solana_pay('', '', 'identity-solana...')
#2 [internal function]: do_shortcode_tag(Array)
#3 /Users/william/Work/socure-poc/store/wp-includes/shortcodes.php(228): preg_replace_callback('/\\[(\\[?)(identi...', 'do_shortcode_ta...', '[identity-solan...')
#4 /Users/william/Work/socure-poc/store/wp-includes/class-wp-hook.php(307): do_shortcode('[identity-solan...')
#5 /Users/william/Work/socure-poc/store/wp-includes/plugin.php(191): WP_Hook->apply_filters('[identity-solan...', Array)
#6 /Users/william/Work/socure-poc/store/wp-includes/post-template.php(253): apply_filters('the_content', '<!-- wp:shortco...')
#7 /Users/william/Work/socure-poc/store/wp-content/themes/shoppe/template-parts/content-page.php(23): the_content()
#8 /Users/william/Work/socure-poc/store/wp-includes/template.php(772): require('/Users/william/...')
#9 /Users/william/Work/socure-poc/store/wp-includes/template.php(716): load_template('/Users/william/...', false, Array)
#10 /Users/william/Work/socure-poc/store/wp-includes/general-template.php(204): locate_template(Array, true, false, Array)
#11 /Users/william/Work/socure-poc/store/wp-content/themes/shoppe/page.php(30): get_template_part('template-parts/...', 'page')
#12 /Users/william/Work/socure-poc/store/wp-includes/template-loader.php(106): include('/Users/william/...')
#13 /Users/william/Work/socure-poc/store/wp-blog-header.php(19): require_once('/Users/william/...')
#14 /Users/william/Work/socure-poc/store/index.php(17): require('/Users/william/...')
#15 {main}
  thrown in /Users/william/Work/socure-poc/store/wp-content/plugins/solpay-store/src/SolanaPayWooCommerceGateway.php on line 323
[02-Nov-2022 14:59:38 UTC] The The wc_add_to_cart_message filter function is deprecated since version 3.0. Replace with wc_add_to_cart_message_html.
[02-Nov-2022 14:59:52 UTC] PHP Fatal error:  Uncaught TypeError: Unsupported operand types: string + string in /Users/william/Work/socure-poc/store/wp-content/plugins/solpay-store/src/SolanaPayWooCommerceGateway.php:323
Stack trace:
#0 /Users/william/Work/socure-poc/store/wp-content/plugins/solpay-store/hooks-wc.php(82): SolanaPayWooCommerceGateway->get_solana_payment_config('158')
#1 /Users/william/Work/socure-poc/store/wp-includes/shortcodes.php(356): identity_solana_pay('', '', 'identity-solana...')
#2 [internal function]: do_shortcode_tag(Array)
#3 /Users/william/Work/socure-poc/store/wp-includes/shortcodes.php(228): preg_replace_callback('/\\[(\\[?)(identi...', 'do_shortcode_ta...', '[identity-solan...')
#4 /Users/william/Work/socure-poc/store/wp-includes/class-wp-hook.php(307): do_shortcode('[identity-solan...')
#5 /Users/william/Work/socure-poc/store/wp-includes/plugin.php(191): WP_Hook->apply_filters('[identity-solan...', Array)
#6 /Users/william/Work/socure-poc/store/wp-includes/post-template.php(253): apply_filters('the_content', '<!-- wp:shortco...')
#7 /Users/william/Work/socure-poc/store/wp-content/themes/shoppe/template-parts/content-page.php(23): the_content()
#8 /Users/william/Work/socure-poc/store/wp-includes/template.php(772): require('/Users/william/...')
#9 /Users/william/Work/socure-poc/store/wp-includes/template.php(716): load_template('/Users/william/...', false, Array)
#10 /Users/william/Work/socure-poc/store/wp-includes/general-template.php(204): locate_template(Array, true, false, Array)
#11 /Users/william/Work/socure-poc/store/wp-content/themes/shoppe/page.php(30): get_template_part('template-parts/...', 'page')
#12 /Users/william/Work/socure-poc/store/wp-includes/template-loader.php(106): include('/Users/william/...')
#13 /Users/william/Work/socure-poc/store/wp-blog-header.php(19): require_once('/Users/william/...')
#14 /Users/william/Work/socure-poc/store/index.php(17): require('/Users/william/...')
#15 {main}
  thrown in /Users/william/Work/socure-poc/store/wp-content/plugins/solpay-store/src/SolanaPayWooCommerceGateway.php on line 323
[02-Nov-2022 15:00:01 UTC] PHP Fatal error:  Uncaught TypeError: Unsupported operand types: string + string in /Users/william/Work/socure-poc/store/wp-content/plugins/solpay-store/src/SolanaPayWooCommerceGateway.php:323
Stack trace:
#0 /Users/william/Work/socure-poc/store/wp-content/plugins/solpay-store/hooks-wc.php(82): SolanaPayWooCommerceGateway->get_solana_payment_config('158')
#1 /Users/william/Work/socure-poc/store/wp-includes/shortcodes.php(356): identity_solana_pay('', '', 'identity-solana...')
#2 [internal function]: do_shortcode_tag(Array)
#3 /Users/william/Work/socure-poc/store/wp-includes/shortcodes.php(228): preg_replace_callback('/\\[(\\[?)(identi...', 'do_shortcode_ta...', '[identity-solan...')
#4 /Users/william/Work/socure-poc/store/wp-includes/class-wp-hook.php(307): do_shortcode('[identity-solan...')
#5 /Users/william/Work/socure-poc/store/wp-includes/plugin.php(191): WP_Hook->apply_filters('[identity-solan...', Array)
#6 /Users/william/Work/socure-poc/store/wp-includes/post-template.php(253): apply_filters('the_content', '<!-- wp:shortco...')
#7 /Users/william/Work/socure-poc/store/wp-content/themes/shoppe/template-parts/content-page.php(23): the_content()
#8 /Users/william/Work/socure-poc/store/wp-includes/template.php(772): require('/Users/william/...')
#9 /Users/william/Work/socure-poc/store/wp-includes/template.php(716): load_template('/Users/william/...', false, Array)
#10 /Users/william/Work/socure-poc/store/wp-includes/general-template.php(204): locate_template(Array, true, false, Array)
#11 /Users/william/Work/socure-poc/store/wp-content/themes/shoppe/page.php(30): get_template_part('template-parts/...', 'page')
#12 /Users/william/Work/socure-poc/store/wp-includes/template-loader.php(106): include('/Users/william/...')
#13 /Users/william/Work/socure-poc/store/wp-blog-header.php(19): require_once('/Users/william/...')
#14 /Users/william/Work/socure-poc/store/index.php(17): require('/Users/william/...')
#15 {main}
  thrown in /Users/william/Work/socure-poc/store/wp-content/plugins/solpay-store/src/SolanaPayWooCommerceGateway.php on line 323
[02-Nov-2022 15:00:12 UTC] SAVING REFERENCE: CthXBYQH6tkFqjWXF2F6tYyUZv8gyTRdqVEtNiWK34Nq
[02-Nov-2022 15:03:05 UTC] The The wc_add_to_cart_message filter function is deprecated since version 3.0. Replace with wc_add_to_cart_message_html.
[02-Nov-2022 15:03:18 UTC] PHP Fatal error:  Uncaught TypeError: Unsupported operand types: string + string in /Users/william/Work/socure-poc/store/wp-content/plugins/solpay-store/src/SolanaPayWooCommerceGateway.php:166
Stack trace:
#0 /Users/william/Work/socure-poc/store/wp-content/plugins/woocommerce/includes/class-wc-checkout.php(982): SolanaPayWooCommerceGateway->process_payment(159)
#1 /Users/william/Work/socure-poc/store/wp-content/plugins/woocommerce/includes/class-wc-checkout.php(1206): WC_Checkout->process_order_payment(159, 'solana_pay_gate...')
#2 /Users/william/Work/socure-poc/store/wp-content/plugins/woocommerce/includes/class-wc-ajax.php(461): WC_Checkout->process_checkout()
#3 /Users/william/Work/socure-poc/store/wp-includes/class-wp-hook.php(307): WC_AJAX::checkout('')
#4 /Users/william/Work/socure-poc/store/wp-includes/class-wp-hook.php(331): WP_Hook->apply_filters('', Array)
#5 /Users/william/Work/socure-poc/store/wp-includes/plugin.php(476): WP_Hook->do_action(Array)
#6 /Users/william/Work/socure-poc/store/wp-content/plugins/woocommerce/includes/class-wc-ajax.php(90): do_action('wc_ajax_checkou...')
#7 /Users/william/Work/socure-poc/store/wp-includes/class-wp-hook.php(307): WC_AJAX::do_wc_ajax('')
#8 /Users/william/Work/socure-poc/store/wp-includes/class-wp-hook.php(331): WP_Hook->apply_filters(false, Array)
#9 /Users/william/Work/socure-poc/store/wp-includes/plugin.php(476): WP_Hook->do_action(Array)
#10 /Users/william/Work/socure-poc/store/wp-includes/template-loader.php(13): do_action('template_redire...')
#11 /Users/william/Work/socure-poc/store/wp-blog-header.php(19): require_once('/Users/william/...')
#12 /Users/william/Work/socure-poc/store/index.php(17): require('/Users/william/...')
#13 {main}
  thrown in /Users/william/Work/socure-poc/store/wp-content/plugins/solpay-store/src/SolanaPayWooCommerceGateway.php on line 166
[02-Nov-2022 15:03:35 UTC] PHP Fatal error:  Uncaught TypeError: Unsupported operand types: string + string in /Users/william/Work/socure-poc/store/wp-content/plugins/solpay-store/src/SolanaPayWooCommerceGateway.php:166
Stack trace:
#0 /Users/william/Work/socure-poc/store/wp-content/plugins/woocommerce/includes/class-wc-checkout.php(982): SolanaPayWooCommerceGateway->process_payment(159)
#1 /Users/william/Work/socure-poc/store/wp-content/plugins/woocommerce/includes/class-wc-checkout.php(1206): WC_Checkout->process_order_payment(159, 'solana_pay_gate...')
#2 /Users/william/Work/socure-poc/store/wp-content/plugins/woocommerce/includes/class-wc-ajax.php(461): WC_Checkout->process_checkout()
#3 /Users/william/Work/socure-poc/store/wp-includes/class-wp-hook.php(307): WC_AJAX::checkout('')
#4 /Users/william/Work/socure-poc/store/wp-includes/class-wp-hook.php(331): WP_Hook->apply_filters('', Array)
#5 /Users/william/Work/socure-poc/store/wp-includes/plugin.php(476): WP_Hook->do_action(Array)
#6 /Users/william/Work/socure-poc/store/wp-content/plugins/woocommerce/includes/class-wc-ajax.php(90): do_action('wc_ajax_checkou...')
#7 /Users/william/Work/socure-poc/store/wp-includes/class-wp-hook.php(307): WC_AJAX::do_wc_ajax('')
#8 /Users/william/Work/socure-poc/store/wp-includes/class-wp-hook.php(331): WP_Hook->apply_filters(false, Array)
#9 /Users/william/Work/socure-poc/store/wp-includes/plugin.php(476): WP_Hook->do_action(Array)
#10 /Users/william/Work/socure-poc/store/wp-includes/template-loader.php(13): do_action('template_redire...')
#11 /Users/william/Work/socure-poc/store/wp-blog-header.php(19): require_once('/Users/william/...')
#12 /Users/william/Work/socure-poc/store/index.php(17): require('/Users/william/...')
#13 {main}
  thrown in /Users/william/Work/socure-poc/store/wp-content/plugins/solpay-store/src/SolanaPayWooCommerceGateway.php on line 166
[02-Nov-2022 15:03:58 UTC] STORING REFERENCE: CthXBYQH6tkFqjWXF2F6tYyUZv8gyTRdqVEtNiWK34Nq
[02-Nov-2022 15:11:24 UTC] The The wc_add_to_cart_message filter function is deprecated since version 3.0. Replace with wc_add_to_cart_message_html.
[02-Nov-2022 15:12:06 UTC] The The wc_add_to_cart_message filter function is deprecated since version 3.0. Replace with wc_add_to_cart_message_html.
[02-Nov-2022 15:25:39 UTC] The The wc_add_to_cart_message filter function is deprecated since version 3.0. Replace with wc_add_to_cart_message_html.
[02-Nov-2022 15:26:00 UTC] The The wc_add_to_cart_message filter function is deprecated since version 3.0. Replace with wc_add_to_cart_message_html.
[02-Nov-2022 15:34:44 UTC] The The wc_add_to_cart_message filter function is deprecated since version 3.0. Replace with wc_add_to_cart_message_html.
